[2011-11-25 16:48:57] INFO  WEBrick 1.3.1
[2011-11-25 16:48:57] INFO  ruby 1.9.3 (2011-10-30) [x86_64-darwin11.1.0]
[2011-11-25 16:48:57] INFO  WEBrick::HTTPServer#start: pid=16587 port=3000
[2011-11-25 16:48:59] WARN  Could not determine content-length of response body. Set content-length of the response or set Response#chunked = true
/Users/sauvikd/railsapps/troastworthy/config/routes.rb:6:in `block in <top (required)>': undefined local variable or method `map' for #<ActionDispatch::Routing::Mapper:0x007fd1d9ae7b28> (NameError)
	from /Users/sauvikd/.rvm/gems/ruby-1.9.3-p0/gems/actionpack-3.1.0/lib/action_dispatch/routing/route_set.rb:257:in `instance_exec'
	from /Users/sauvikd/.rvm/gems/ruby-1.9.3-p0/gems/actionpack-3.1.0/lib/action_dispatch/routing/route_set.rb:257:in `eval_block'
	from /Users/sauvikd/.rvm/gems/ruby-1.9.3-p0/gems/actionpack-3.1.0/lib/action_dispatch/routing/route_set.rb:234:in `draw'
	from /Users/sauvikd/railsapps/troastworthy/config/routes.rb:1:in `<top (required)>'
	from /Users/sauvikd/.rvm/gems/ruby-1.9.3-p0/gems/activesupport-3.1.0/lib/active_support/dependencies.rb:234:in `load'
	from /Users/sauvikd/.rvm/gems/ruby-1.9.3-p0/gems/activesupport-3.1.0/lib/active_support/dependencies.rb:234:in `block in load'
	from /Users/sauvikd/.rvm/gems/ruby-1.9.3-p0/gems/activesupport-3.1.0/lib/active_support/dependencies.rb:223:in `block in load_dependency'
	from /Users/sauvikd/.rvm/gems/ruby-1.9.3-p0/gems/activesupport-3.1.0/lib/active_support/dependencies.rb:640:in `new_constants_in'
	from /Users/sauvikd/.rvm/gems/ruby-1.9.3-p0/gems/activesupport-3.1.0/lib/active_support/dependencies.rb:223:in `load_dependency'
	from /Users/sauvikd/.rvm/gems/ruby-1.9.3-p0/gems/activesupport-3.1.0/lib/active_support/dependencies.rb:234:in `load'
	from /Users/sauvikd/.rvm/gems/ruby-1.9.3-p0/gems/railties-3.1.0/lib/rails/application/routes_reloader.rb:29:in `block in load_paths'
	from /Users/sauvikd/.rvm/gems/ruby-1.9.3-p0/gems/railties-3.1.0/lib/rails/application/routes_reloader.rb:29:in `each'
	from /Users/sauvikd/.rvm/gems/ruby-1.9.3-p0/gems/railties-3.1.0/lib/rails/application/routes_reloader.rb:29:in `load_paths'
	from /Users/sauvikd/.rvm/gems/ruby-1.9.3-p0/gems/railties-3.1.0/lib/rails/application/routes_reloader.rb:13:in `reload!'
	from /Users/sauvikd/.rvm/gems/ruby-1.9.3-p0/gems/railties-3.1.0/lib/rails/application/routes_reloader.rb:7:in `block in initialize'
	from /Users/sauvikd/.rvm/gems/ruby-1.9.3-p0/gems/activesupport-3.1.0/lib/active_support/file_update_checker.rb:32:in `call'
	from /Users/sauvikd/.rvm/gems/ruby-1.9.3-p0/gems/activesupport-3.1.0/lib/active_support/file_update_checker.rb:32:in `execute_if_updated'
	from /Users/sauvikd/.rvm/gems/ruby-1.9.3-p0/gems/railties-3.1.0/lib/rails/application/finisher.rb:63:in `block (2 levels) in <module:Finisher>'
	from /Users/sauvikd/.rvm/gems/ruby-1.9.3-p0/gems/railties-3.1.0/lib/rails/application/finisher.rb:64:in `call'
	from /Users/sauvikd/.rvm/gems/ruby-1.9.3-p0/gems/railties-3.1.0/lib/rails/application/finisher.rb:64:in `block in <module:Finisher>'
	from /Users/sauvikd/.rvm/gems/ruby-1.9.3-p0/gems/railties-3.1.0/lib/rails/initializable.rb:25:in `instance_exec'
	from /Users/sauvikd/.rvm/gems/ruby-1.9.3-p0/gems/railties-3.1.0/lib/rails/initializable.rb:25:in `run'
	from /Users/sauvikd/.rvm/gems/ruby-1.9.3-p0/gems/railties-3.1.0/lib/rails/initializable.rb:50:in `block in run_initializers'
	from /Users/sauvikd/.rvm/gems/ruby-1.9.3-p0/gems/railties-3.1.0/lib/rails/initializable.rb:49:in `each'
	from /Users/sauvikd/.rvm/gems/ruby-1.9.3-p0/gems/railties-3.1.0/lib/rails/initializable.rb:49:in `run_initializers'
	from /Users/sauvikd/.rvm/gems/ruby-1.9.3-p0/gems/railties-3.1.0/lib/rails/application.rb:92:in `initialize!'
	from /Users/sauvikd/.rvm/gems/ruby-1.9.3-p0/gems/railties-3.1.0/lib/rails/railtie/configurable.rb:30:in `method_missing'
	from /Users/sauvikd/railsapps/troastworthy/config/environment.rb:6:in `<top (required)>'
	from /Users/sauvikd/railsapps/troastworthy/config.ru:4:in `require'
	from /Users/sauvikd/railsapps/troastworthy/config.ru:4:in `block in <main>'
	from /Users/sauvikd/.rvm/gems/ruby-1.9.3-p0/gems/rack-1.3.5/lib/rack/builder.rb:51:in `instance_eval'
	from /Users/sauvikd/.rvm/gems/ruby-1.9.3-p0/gems/rack-1.3.5/lib/rack/builder.rb:51:in `initialize'
	from /Users/sauvikd/railsapps/troastworthy/config.ru:1:in `new'
	from /Users/sauvikd/railsapps/troastworthy/config.ru:1:in `<main>'
	from /Users/sauvikd/.rvm/gems/ruby-1.9.3-p0/gems/rack-1.3.5/lib/rack/builder.rb:40:in `eval'
	from /Users/sauvikd/.rvm/gems/ruby-1.9.3-p0/gems/rack-1.3.5/lib/rack/builder.rb:40:in `parse_file'
	from /Users/sauvikd/.rvm/gems/ruby-1.9.3-p0/gems/rack-1.3.5/lib/rack/server.rb:200:in `app'
	from /Users/sauvikd/.rvm/gems/ruby-1.9.3-p0/gems/railties-3.1.0/lib/rails/commands/server.rb:46:in `app'
	from /Users/sauvikd/.rvm/gems/ruby-1.9.3-p0/gems/rack-1.3.5/lib/rack/server.rb:301:in `wrapped_app'
	from /Users/sauvikd/.rvm/gems/ruby-1.9.3-p0/gems/rack-1.3.5/lib/rack/server.rb:252:in `start'
	from /Users/sauvikd/.rvm/gems/ruby-1.9.3-p0/gems/railties-3.1.0/lib/rails/commands/server.rb:70:in `start'
	from /Users/sauvikd/.rvm/gems/ruby-1.9.3-p0/gems/railties-3.1.0/lib/rails/commands.rb:54:in `block in <top (required)>'
	from /Users/sauvikd/.rvm/gems/ruby-1.9.3-p0/gems/railties-3.1.0/lib/rails/commands.rb:49:in `tap'
	from /Users/sauvikd/.rvm/gems/ruby-1.9.3-p0/gems/railties-3.1.0/lib/rails/commands.rb:49:in `<top (required)>'
	from script/rails:6:in `require'
	from script/rails:6:in `<main>'
=> Booting WEBrick
=> Rails 3.1.0 application starting in development on http://0.0.0.0:3000
=> Call with -d to detach
=> Ctrl-C to shutdown server
Exiting
